0 info it worked if it ends with ok
1 verbose cli [ '/home/julio/.nvm/v0.10.36/bin/node',
1 verbose cli   '/home/julio/.nvm/v0.10.36/bin/npm',
1 verbose cli   'i',
1 verbose cli   'nomemon',
1 verbose cli   '-g' ]
2 info using npm@1.4.28
3 info using node@v0.10.36
4 verbose cache add [ 'nomemon', null ]
5 verbose cache add name=undefined spec="nomemon" args=["nomemon",null]
6 verbose parsed url { protocol: null,
6 verbose parsed url   slashes: null,
6 verbose parsed url   auth: null,
6 verbose parsed url   host: null,
6 verbose parsed url   port: null,
6 verbose parsed url   hostname: null,
6 verbose parsed url   hash: null,
6 verbose parsed url   search: null,
6 verbose parsed url   query: null,
6 verbose parsed url   pathname: 'nomemon',
6 verbose parsed url   path: 'nomemon',
6 verbose parsed url   href: 'nomemon' }
7 silly lockFile 28c4801f-nomemon nomemon
8 verbose lock nomemon /home/julio/.npm/28c4801f-nomemon.lock
9 silly lockFile 28c4801f-nomemon nomemon
10 silly lockFile 28c4801f-nomemon nomemon
11 verbose addNamed [ 'nomemon', '' ]
12 verbose addNamed [ null, '*' ]
13 silly lockFile ac788c8d-nomemon nomemon@
14 verbose lock nomemon@ /home/julio/.npm/ac788c8d-nomemon.lock
15 silly addNameRange { name: 'nomemon', range: '*', hasData: false }
16 verbose request where is /nomemon
17 verbose request registry https://registry.npmjs.org/
18 verbose request id de562305ddeff4d0
19 verbose url raw /nomemon
20 verbose url resolving [ 'https://registry.npmjs.org/', './nomemon' ]
21 verbose url resolved https://registry.npmjs.org/nomemon
22 verbose request where is https://registry.npmjs.org/nomemon
23 info trying registry request attempt 1 at 12:14:12
24 http GET https://registry.npmjs.org/nomemon
25 http 404 https://registry.npmjs.org/nomemon
26 verbose headers { server: 'CouchDB/1.5.0 (Erlang OTP/R16B03)',
26 verbose headers   'content-type': 'application/json',
26 verbose headers   'cache-control': 'max-age=0',
26 verbose headers   'content-length': '51',
26 verbose headers   'accept-ranges': 'bytes',
26 verbose headers   date: 'Fri, 08 May 2015 15:14:13 GMT',
26 verbose headers   via: '1.1 varnish',
26 verbose headers   age: '0',
26 verbose headers   connection: 'keep-alive',
26 verbose headers   'x-served-by': 'cache-jfk1029-JFK',
26 verbose headers   'x-cache': 'MISS',
26 verbose headers   'x-cache-hits': '0',
26 verbose headers   'x-timer': 'S1431098053.607155,VS0,VE88' }
27 silly registry.get cb [ 404,
27 silly registry.get   { server: 'CouchDB/1.5.0 (Erlang OTP/R16B03)',
27 silly registry.get     'content-type': 'application/json',
27 silly registry.get     'cache-control': 'max-age=0',
27 silly registry.get     'content-length': '51',
27 silly registry.get     'accept-ranges': 'bytes',
27 silly registry.get     date: 'Fri, 08 May 2015 15:14:13 GMT',
27 silly registry.get     via: '1.1 varnish',
27 silly registry.get     age: '0',
27 silly registry.get     connection: 'keep-alive',
27 silly registry.get     'x-served-by': 'cache-jfk1029-JFK',
27 silly registry.get     'x-cache': 'MISS',
27 silly registry.get     'x-cache-hits': '0',
27 silly registry.get     'x-timer': 'S1431098053.607155,VS0,VE88' } ]
28 silly lockFile ac788c8d-nomemon nomemon@
29 silly lockFile ac788c8d-nomemon nomemon@
30 error 404 404 Not Found: nomemon
30 error 404
30 error 404 'nomemon' is not in the npm registry.
30 error 404 You should bug the author to publish it
30 error 404
30 error 404 Note that you can also install from a
30 error 404 tarball, folder, or http url, or git url.
31 error System Linux 3.16.0-30-generic
32 error command "/home/julio/.nvm/v0.10.36/bin/node" "/home/julio/.nvm/v0.10.36/bin/npm" "i" "nomemon" "-g"
33 error cwd /home/julio/_git/njstrace/examples/01
34 error node -v v0.10.36
35 error npm -v 1.4.28
36 error code E404
37 verbose exit [ 1, true ]
